  subject3.c
c:\users\pc\desktop\대학자료\2학년\1학기\프로그래밍랩\과제3\subject3\프로그래밍 랩스 과제3\subject3.c(29): warning C4996: 'scanf': This function or variable may be unsafe. Consider using scanf_s instead. To disable deprecation, use _CRT_SECURE_NO_WARNINGS. See online help for details.
  c:\program files (x86)\windows kits\10\include\10.0.16299.0\ucrt\stdio.h(1272): note: 'scanf' 선언을 참조하십시오.
c:\users\pc\desktop\대학자료\2학년\1학기\프로그래밍랩\과제3\subject3\프로그래밍 랩스 과제3\subject3.c(31): warning C4996: 'scanf': This function or variable may be unsafe. Consider using scanf_s instead. To disable deprecation, use _CRT_SECURE_NO_WARNINGS. See online help for details.
  c:\program files (x86)\windows kits\10\include\10.0.16299.0\ucrt\stdio.h(1272): note: 'scanf' 선언을 참조하십시오.
c:\users\pc\desktop\대학자료\2학년\1학기\프로그래밍랩\과제3\subject3\프로그래밍 랩스 과제3\subject3.c(33): warning C4996: 'strcpy': This function or variable may be unsafe. Consider using strcpy_s instead. To disable deprecation, use _CRT_SECURE_NO_WARNINGS. See online help for details.
  c:\program files (x86)\windows kits\10\include\10.0.16299.0\ucrt\string.h(132): note: 'strcpy' 선언을 참조하십시오.
c:\users\pc\desktop\대학자료\2학년\1학기\프로그래밍랩\과제3\subject3\프로그래밍 랩스 과제3\subject3.c(34): warning C4996: 'strcpy': This function or variable may be unsafe. Consider using strcpy_s instead. To disable deprecation, use _CRT_SECURE_NO_WARNINGS. See online help for details.
  c:\program files (x86)\windows kits\10\include\10.0.16299.0\ucrt\string.h(132): note: 'strcpy' 선언을 참조하십시오.
c:\users\pc\desktop\대학자료\2학년\1학기\프로그래밍랩\과제3\subject3\프로그래밍 랩스 과제3\subject3.c(35): warning C4996: 'strcpy': This function or variable may be unsafe. Consider using strcpy_s instead. To disable deprecation, use _CRT_SECURE_NO_WARNINGS. See online help for details.
  c:\program files (x86)\windows kits\10\include\10.0.16299.0\ucrt\string.h(132): note: 'strcpy' 선언을 참조하십시오.
c:\users\pc\desktop\대학자료\2학년\1학기\프로그래밍랩\과제3\subject3\프로그래밍 랩스 과제3\subject3.c(43): warning C4996: 'strncpy': This function or variable may be unsafe. Consider using strncpy_s instead. To disable deprecation, use _CRT_SECURE_NO_WARNINGS. See online help for details.
  c:\program files (x86)\windows kits\10\include\10.0.16299.0\ucrt\string.h(337): note: 'strncpy' 선언을 참조하십시오.
c:\users\pc\desktop\대학자료\2학년\1학기\프로그래밍랩\과제3\subject3\프로그래밍 랩스 과제3\subject3.c(47): warning C4996: 'strcat': This function or variable may be unsafe. Consider using strcat_s instead. To disable deprecation, use _CRT_SECURE_NO_WARNINGS. See online help for details.
  c:\program files (x86)\windows kits\10\include\10.0.16299.0\ucrt\string.h(89): note: 'strcat' 선언을 참조하십시오.
c:\users\pc\desktop\대학자료\2학년\1학기\프로그래밍랩\과제3\subject3\프로그래밍 랩스 과제3\subject3.c(48): warning C4996: 'strcat': This function or variable may be unsafe. Consider using strcat_s instead. To disable deprecation, use _CRT_SECURE_NO_WARNINGS. See online help for details.
  c:\program files (x86)\windows kits\10\include\10.0.16299.0\ucrt\string.h(89): note: 'strcat' 선언을 참조하십시오.
c:\users\pc\desktop\대학자료\2학년\1학기\프로그래밍랩\과제3\subject3\프로그래밍 랩스 과제3\subject3.c(49): warning C4996: 'strcat': This function or variable may be unsafe. Consider using strcat_s instead. To disable deprecation, use _CRT_SECURE_NO_WARNINGS. See online help for details.
  c:\program files (x86)\windows kits\10\include\10.0.16299.0\ucrt\string.h(89): note: 'strcat' 선언을 참조하십시오.
c:\users\pc\desktop\대학자료\2학년\1학기\프로그래밍랩\과제3\subject3\프로그래밍 랩스 과제3\subject3.c(50): warning C4996: 'strcat': This function or variable may be unsafe. Consider using strcat_s instead. To disable deprecation, use _CRT_SECURE_NO_WARNINGS. See online help for details.
  c:\program files (x86)\windows kits\10\include\10.0.16299.0\ucrt\string.h(89): note: 'strcat' 선언을 참조하십시오.
c:\users\pc\desktop\대학자료\2학년\1학기\프로그래밍랩\과제3\subject3\프로그래밍 랩스 과제3\subject3.c(26): warning C4101: 'len1' :참조되지 않은 지역 변수입니다.
c:\users\pc\desktop\대학자료\2학년\1학기\프로그래밍랩\과제3\subject3\프로그래밍 랩스 과제3\subject3.c(26): warning C4101: 'len4' :참조되지 않은 지역 변수입니다.
c:\users\pc\desktop\대학자료\2학년\1학기\프로그래밍랩\과제3\subject3\프로그래밍 랩스 과제3\subject3.c(26): warning C4101: 'len3' :참조되지 않은 지역 변수입니다.
c:\users\pc\desktop\대학자료\2학년\1학기\프로그래밍랩\과제3\subject3\프로그래밍 랩스 과제3\subject3.c(26): warning C4101: 'len2' :참조되지 않은 지역 변수입니다.
  프로그래밍 랩스 과제3.vcxproj -> C:\Users\pc\Desktop\대학자료\2학년\1학기\프로그래밍랩\과제3\subject3\Debug\프로그래밍 랩스 과제3.exe
